app/build/outputs/logs/manifest-merger-release-report.txt
-- Merging decision tree log ---
manifest
ADDED from src\main\AndroidManifest.xml:2:1-122:12
	package
		ADDED from src\main\AndroidManifest.xml:3:5-41
		INJECTED from src\main\AndroidManifest.xml
		INJECTED from src\main\AndroidManifest.xml
	android:versionName
		INJECTED from src\main\AndroidManifest.xml
		INJECTED from src\main\AndroidManifest.xml
	xmlns:android
		ADDED from src\main\AndroidManifest.xml:2:11-69
	android:versionCode
		INJECTED from src\main\AndroidManifest.xml
		INJECTED from src\main\AndroidManifest.xml
uses-permission#android.permission.INTERNET
ADDED from src\main\AndroidManifest.xml:5:5-67
	android:name
		ADDED from src\main\AndroidManifest.xml:5:22-64
uses-permission#android.permission.READ_EXTERNAL_STORAGE
ADDED from src\main\AndroidManifest.xml:6:5-80
	android:name
		ADDED from src\main\AndroidManifest.xml:6:22-77
uses-permission#android.permission.WRITE_EXTERNAL_STORAGE
ADDED from src\main\AndroidManifest.xml:7:5-81
	android:name
		ADDED from src\main\AndroidManifest.xml:7:22-78
uses-permission#android.permission.ACCESS_NETWORK_STATE
ADDED from src\main\AndroidManifest.xml:8:5-79
	android:name
		ADDED from src\main\AndroidManifest.xml:8:22-76
application
ADDED from src\main\AndroidManifest.xml:11:5-120:19
MERGED from [com.android.support.constraint:constraint-layout:1.0.2] AndroidManifest.xml:9:5-20
MERGED from [com.android.support:design:26.0.0-alpha1] AndroidManifest.xml:29:5-20
MERGED from [com.android.support:appcompat-v7:26.0.0-alpha1] AndroidManifest.xml:29:5-20
MERGED from [com.android.support:animated-vector-drawable:26.0.0-alpha1] AndroidManifest.xml:26:5-20
MERGED from [com.android.support:support-vector-drawable:26.0.0-alpha1] AndroidManifest.xml:26:5-20
MERGED from [com.android.support:transition:26.0.0-alpha1] AndroidManifest.xml:26:5-20
MERGED from [com.android.support:cardview-v7:26.0.0-alpha1] AndroidManifest.xml:26:5-20
MERGED from [com.android.support:support-v4:26.0.0-alpha1] AndroidManifest.xml:29:5-20
MERGED from [com.android.support:support-media-compat:26.0.0-alpha1] AndroidManifest.xml:29:5-20
MERGED from [com.android.support:support-fragment:26.0.0-alpha1] AndroidManifest.xml:29:5-20
MERGED from [com.android.support:support-core-ui:26.0.0-alpha1] AndroidManifest.xml:29:5-20
MERGED from [com.android.support:support-core-utils:26.0.0-alpha1] AndroidManifest.xml:29:5-20
MERGED from [com.android.support:support-compat:26.0.0-alpha1] AndroidManifest.xml:29:5-20
	android:label
		ADDED from src\main\AndroidManifest.xml:14:9-42
	android:supportsRtl
		ADDED from src\main\AndroidManifest.xml:16:9-35
	android:roundIcon
		ADDED from src\main\AndroidManifest.xml:15:9-54
	android:allowBackup
		ADDED from src\main\AndroidManifest.xml:12:9-35
	android:icon
		ADDED from src\main\AndroidManifest.xml:13:9-38
	android:theme
		ADDED from src\main\AndroidManifest.xml:17:9-59
activity#com.arfanet.nuvo.belajarti.SplashScreen
ADDED from src\main\AndroidManifest.xml:18:9-24:20
	android:name
		ADDED from src\main\AndroidManifest.xml:18:19-47
intent-filter#android.intent.action.MAIN+android.intent.category.LAUNCHER
ADDED from src\main\AndroidManifest.xml:19:13-23:29
action#android.intent.action.MAIN
ADDED from src\main\AndroidManifest.xml:20:17-69
	android:name
		ADDED from src\main\AndroidManifest.xml:20:25-66
category#android.intent.category.LAUNCHER
ADDED from src\main\AndroidManifest.xml:22:17-77
	android:name
		ADDED from src\main\AndroidManifest.xml:22:27-74
activity#com.arfanet.nuvo.belajarti.MainActivity
ADDED from src\main\AndroidManifest.xml:25:9-27:66
	android:theme
		ADDED from src\main\AndroidManifest.xml:27:13-63
	android:name
		ADDED from src\main\AndroidManifest.xml:26:13-41
activity#com.arfanet.nuvo.belajarti.materi.TIK
ADDED from src\main\AndroidManifest.xml:28:9-48
	android:name
		ADDED from src\main\AndroidManifest.xml:28:19-45
activity#com.arfanet.nuvo.belajarti.materi.SejarahTIK
ADDED from src\main\AndroidManifest.xml:29:9-55
	android:name
		ADDED from src\main\AndroidManifest.xml:29:19-52
activity#com.arfanet.nuvo.belajarti.materi.PDTIK
ADDED from src\main\AndroidManifest.xml:30:9-50
	android:name
		ADDED from src\main\AndroidManifest.xml:30:19-47
activity#com.arfanet.nuvo.belajarti.materi.Software
ADDED from src\main\AndroidManifest.xml:31:9-53
	android:name
		ADDED from src\main\AndroidManifest.xml:31:19-50
activity#com.arfanet.nuvo.belajarti.materi.Hardware
ADDED from src\main\AndroidManifest.xml:32:9-53
	android:name
		ADDED from src\main\AndroidManifest.xml:32:19-50
activity#com.arfanet.nuvo.belajarti.materi.MenuIconMsword
ADDED from src\main\AndroidManifest.xml:33:9-59
	android:name
		ADDED from src\main\AndroidManifest.xml:33:19-56
activity#com.arfanet.nuvo.belajarti.materi.SOWinXP
ADDED from src\main\AndroidManifest.xml:34:9-52
	android:name
		ADDED from src\main\AndroidManifest.xml:34:19-49
activity#com.arfanet.nuvo.belajarti.materi.MenggunakanIkonPadaMsWord
ADDED from src\main\AndroidManifest.xml:35:9-70
	android:name
		ADDED from src\main\AndroidManifest.xml:35:19-67
activity#com.arfanet.nuvo.belajarti.materi.FungsiIkonMsExcel
ADDED from src\main\AndroidManifest.xml:36:9-62
	android:name
		ADDED from src\main\AndroidManifest.xml:36:19-59
activity#com.arfanet.nuvo.belajarti.materi.PenggunaanMenuIkonMsExcel
ADDED from src\main\AndroidManifest.xml:37:9-70
	android:name
		ADDED from src\main\AndroidManifest.xml:37:19-67
activity#com.arfanet.nuvo.belajarti.materi.BekerjaDenganMsExcel
ADDED from src\main\AndroidManifest.xml:38:9-65
	android:name
		ADDED from src\main\AndroidManifest.xml:38:19-62
activity#com.arfanet.nuvo.belajarti.latihanSoal.SoalTIK
ADDED from src\main\AndroidManifest.xml:39:9-41:64
	android:label
		ADDED from src\main\AndroidManifest.xml:40:13-63
	android:theme
		ADDED from src\main\AndroidManifest.xml:41:13-62
	android:name
		ADDED from src\main\AndroidManifest.xml:39:19-54
activity#com.arfanet.nuvo.belajarti.latihanSoal.SoalSejarahTIK
ADDED from src\main\AndroidManifest.xml:42:9-43:64
	android:theme
		ADDED from src\main\AndroidManifest.xml:43:13-62
	android:name
		ADDED from src\main\AndroidManifest.xml:42:19-61
activity#com.arfanet.nuvo.belajarti.latihanSoal.SoalPDTIK
ADDED from src\main\AndroidManifest.xml:44:9-45:64
	android:theme
		ADDED from src\main\AndroidManifest.xml:45:13-62
	android:name
		ADDED from src\main\AndroidManifest.xml:44:19-56
activity#com.arfanet.nuvo.belajarti.latihanSoal.SoalSOWinXP
ADDED from src\main\AndroidManifest.xml:46:9-47:64
	android:theme
		ADDED from src\main\AndroidManifest.xml:47:13-62
	android:name
		ADDED from src\main\AndroidManifest.xml:46:19-58
activity#com.arfanet.nuvo.belajarti.latihanSoal.SoalHardware
ADDED from src\main\AndroidManifest.xml:48:9-49:64
	android:theme
		ADDED from src\main\AndroidManifest.xml:49:13-62
	android:name
		ADDED from src\main\AndroidManifest.xml:48:19-59
activity#com.arfanet.nuvo.belajarti.latihanSoal.SoalSoftware
ADDED from src\main\AndroidManifest.xml:50:9-51:64
	android:theme
		ADDED from src\main\AndroidManifest.xml:51:13-62
	android:name
		ADDED from src\main\AndroidManifest.xml:50:19-59
activity#com.arfanet.nuvo.belajarti.latihanSoal.SoalMenuIkonMsword
ADDED from src\main\AndroidManifest.xml:52:9-53:64
	android:theme
		ADDED from src\main\AndroidManifest.xml:53:13-62
	android:name
		ADDED from src\main\AndroidManifest.xml:52:19-65
activity#com.arfanet.nuvo.belajarti.latihanSoal.SoalMenggunakanIkonPadaMsWord
ADDED from src\main\AndroidManifest.xml:54:9-55:64
	android:theme
		ADDED from src\main\AndroidManifest.xml:55:13-62
	android:name
		ADDED from src\main\AndroidManifest.xml:54:19-76
activity#com.arfanet.nuvo.belajarti.latihanSoal.SoalFungsiIkonMsExcel
ADDED from src\main\AndroidManifest.xml:56:9-57:64
	android:theme
		ADDED from src\main\AndroidManifest.xml:57:13-62
	android:name
		ADDED from src\main\AndroidManifest.xml:56:19-68
activity#com.arfanet.nuvo.belajarti.latihanSoal.SoalPenggunaanMenuIkonMsExcel
ADDED from src\main\AndroidManifest.xml:58:9-59:64
	android:theme
		ADDED from src\main\AndroidManifest.xml:59:13-62
	android:name
		ADDED from src\main\AndroidManifest.xml:58:19-76
activity#com.arfanet.nuvo.belajarti.latihanSoal.SoalBekerjaDenganMsExcel
ADDED from src\main\AndroidManifest.xml:60:9-61:64
	android:theme
		ADDED from src\main\AndroidManifest.xml:61:13-62
	android:name
		ADDED from src\main\AndroidManifest.xml:60:19-71
activity#com.arfanet.nuvo.belajarti.Materi
ADDED from src\main\AndroidManifest.xml:62:9-70:20
	android:label
		ADDED from src\main\AndroidManifest.xml:64:13-58
	android:parentActivityName
		ADDED from src\main\AndroidManifest.xml:65:13-55
	android:theme
		ADDED from src\main\AndroidManifest.xml:66:13-63
	android:name
		ADDED from src\main\AndroidManifest.xml:63:13-35
meta-data#android.support.PARENT_ACTIVITY
ADDED from src\main\AndroidManifest.xml:67:13-69:75
	android:value
		ADDED from src\main\AndroidManifest.xml:69:17-72
	android:name
		ADDED from src\main\AndroidManifest.xml:68:17-63
activity#com.arfanet.nuvo.belajarti.news.News
ADDED from src\main\AndroidManifest.xml:71:9-79:20
	android:label
		ADDED from src\main\AndroidManifest.xml:73:13-56
	android:parentActivityName
		ADDED from src\main\AndroidManifest.xml:74:13-55
	android:theme
		ADDED from src\main\AndroidManifest.xml:75:13-44
	android:name
		ADDED from src\main\AndroidManifest.xml:72:13-38
activity#com.arfanet.nuvo.belajarti.news.DetailBerita
ADDED from src\main\AndroidManifest.xml:80:9-88:20
	android:label
		ADDED from src\main\AndroidManifest.xml:82:13-65
	android:parentActivityName
		ADDED from src\main\AndroidManifest.xml:83:13-52
	android:theme
		ADDED from src\main\AndroidManifest.xml:84:13-44
	android:name
		ADDED from src\main\AndroidManifest.xml:81:13-46
activity#com.arfanet.nuvo.belajarti.SoalLatihan
ADDED from src\main\AndroidManifest.xml:89:9-97:20
	android:label
		ADDED from src\main\AndroidManifest.xml:91:13-64
	android:parentActivityName
		ADDED from src\main\AndroidManifest.xml:92:13-55
	android:theme
		ADDED from src\main\AndroidManifest.xml:93:13-63
	android:name
		ADDED from src\main\AndroidManifest.xml:90:13-40
activity#com.arfanet.nuvo.belajarti.Tentang
ADDED from src\main\AndroidManifest.xml:98:9-45
	android:name
		ADDED from src\main\AndroidManifest.xml:98:19-42
activity#com.arfanet.nuvo.belajarti.Petunjuk
ADDED from src\main\AndroidManifest.xml:99:9-46
	android:name
		ADDED from src\main\AndroidManifest.xml:99:19-43
activity#com.arfanet.nuvo.belajarti.menu_materi.MenuMateri
ADDED from src\main\AndroidManifest.xml:100:9-108:20
	android:label
		ADDED from src\main\AndroidManifest.xml:102:13-39
	android:parentActivityName
		ADDED from src\main\AndroidManifest.xml:103:13-55
	android:theme
		ADDED from src\main\AndroidManifest.xml:104:13-63
	android:name
		ADDED from src\main\AndroidManifest.xml:101:13-51
activity#com.arfanet.nuvo.belajarti.menu_materi.PDFActivity
ADDED from src\main\AndroidManifest.xml:109:9-61
	android:name
		ADDED from src\main\AndroidManifest.xml:109:19-58
activity#com.arfanet.nuvo.belajarti.download_pdf.DaftarDownload
ADDED from src\main\AndroidManifest.xml:110:9-117:20
	android:label
		ADDED from src\main\AndroidManifest.xml:112:13-44
	android:parentActivityName
		ADDED from src\main\AndroidManifest.xml:113:13-65
	android:name
		ADDED from src\main\AndroidManifest.xml:111:13-56
activity#com.arfanet.nuvo.belajarti.streaming_video.VideoStreaming
ADDED from src\main\AndroidManifest.xml:118:9-119:64
	android:theme
		ADDED from src\main\AndroidManifest.xml:119:21-52
	android:name
		ADDED from src\main\AndroidManifest.xml:118:19-65
uses-sdk
INJECTED from src\main\AndroidManifest.xml reason: use-sdk injection requested
MERGED from [com.android.support.constraint:constraint-layout:1.0.2] AndroidManifest.xml:5:5-7:41
MERGED from [com.android.support:design:26.0.0-alpha1] AndroidManifest.xml:21:5-23:62
MERGED from [com.android.support:appcompat-v7:26.0.0-alpha1] AndroidManifest.xml:21:5-23:78
MERGED from [com.android.support:animated-vector-drawable:26.0.0-alpha1] AndroidManifest.xml:20:5-44
MERGED from [com.android.support:support-vector-drawable:26.0.0-alpha1] AndroidManifest.xml:20:5-44
MERGED from [com.android.support:transition:26.0.0-alpha1] AndroidManifest.xml:20:5-44
MERGED from [com.android.support:cardview-v7:26.0.0-alpha1] AndroidManifest.xml:20:5-44
MERGED from [com.android.support:recyclerview-v7:26.0.0-alpha1] AndroidManifest.xml:20:5-44
MERGED from [com.github.barteksc:android-pdf-viewer:2.7.0] AndroidManifest.xml:7:5-9:41
MERGED from [com.github.barteksc:pdfium-android:1.7.0] AndroidManifest.xml:7:5-9:41
MERGED from [com.android.support:support-v4:26.0.0-alpha1] AndroidManifest.xml:21:5-23:54
MERGED from [com.android.support:support-media-compat:26.0.0-alpha1] AndroidManifest.xml:21:5-23:63
MERGED from [com.android.support:support-fragment:26.0.0-alpha1] AndroidManifest.xml:21:5-23:60
MERGED from [com.android.support:support-core-ui:26.0.0-alpha1] AndroidManifest.xml:21:5-23:58
MERGED from [com.android.support:support-core-utils:26.0.0-alpha1] AndroidManifest.xml:21:5-23:61
MERGED from [com.android.support:support-compat:26.0.0-alpha1] AndroidManifest.xml:21:5-23:58
	tools:overrideLibrary
		ADDED from [com.android.support:design:26.0.0-alpha1] AndroidManifest.xml:23:9-59
	android:targetSdkVersion
		INJECTED from src\main\AndroidManifest.xml
		INJECTED from src\main\AndroidManifest.xml
	android:minSdkVersion
		INJECTED from src\main\AndroidManifest.xml
		INJECTED from src\main\AndroidManifest.xml
meta-data#android.support.VERSION
ADDED from [com.android.support:design:26.0.0-alpha1] AndroidManifest.xml:25:5-27:41
MERGED from [com.android.support:appcompat-v7:26.0.0-alpha1] AndroidManifest.xml:25:5-27:41
MERGED from [com.android.support:animated-vector-drawable:26.0.0-alpha1] AndroidManifest.xml:22:5-24:41
MERGED from [com.android.support:support-vector-drawable:26.0.0-alpha1] AndroidManifest.xml:22:5-24:41
MERGED from [com.android.support:transition:26.0.0-alpha1] AndroidManifest.xml:22:5-24:41
MERGED from [com.android.support:cardview-v7:26.0.0-alpha1] AndroidManifest.xml:22:5-24:41
MERGED from [com.android.support:recyclerview-v7:26.0.0-alpha1] AndroidManifest.xml:22:5-24:41
MERGED from [com.android.support:support-v4:26.0.0-alpha1] AndroidManifest.xml:25:5-27:41
MERGED from [com.android.support:support-media-compat:26.0.0-alpha1] AndroidManifest.xml:25:5-27:41
MERGED from [com.android.support:support-fragment:26.0.0-alpha1] AndroidManifest.xml:25:5-27:41
MERGED from [com.android.support:support-core-ui:26.0.0-alpha1] AndroidManifest.xml:25:5-27:41
MERGED from [com.android.support:support-core-utils:26.0.0-alpha1] AndroidManifest.xml:25:5-27:41
MERGED from [com.android.support:support-compat:26.0.0-alpha1] AndroidManifest.xml:25:5-27:41
	android:value
		ADDED from [com.android.support:design:26.0.0-alpha1] AndroidManifest.xml:27:9-38
	android:name
		ADDED from [com.android.support:design:26.0.0-alpha1] AndroidManifest.xml:26:9-47